This is pdfTeX, Version 3.141592653-2.6-1.40.22 (TeX Live 2022/dev/Debian) (preloaded format=etex 2023.2.28)  2 MAR 2023 18:02
entering extended mode
 restricted \write18 enabled.
 file:line:error style messages enabled.
 %&-line parsing enabled.
**\input ./smartcalc.texi
(./smartcalc.texi (/usr/share/texmf/tex/texinfo/texinfo.tex
Loading texinfo [version 2021-04-25.21]:
\outerhsize=\dimen16
\outervsize=\dimen17
\topandbottommargin=\dimen18
\bindingoffset=\dimen19
\normaloffset=\dimen20
\txipagewidth=\dimen21
\txipageheight=\dimen22
\defaultoutput=\toks13
\headlinebox=\box16
\footlinebox=\box17
\savedtopmark=\toks14
\margin=\insert252
\EMsimple=\toks15
\groupbox=\box18
\groupinvalidhelp=\toks16
\mil=\dimen23
\exdentamount=\skip18
\inmarginspacing=\skip19
\centerpenalty=\count27
 pdf,
\tempnum=\count28
\lnkcount=\count29
\filename=\toks17
\filenamelength=\count30
\pgn=\count31
\toksA=\toks18
\toksB=\toks19
\toksC=\toks20
\toksD=\toks21
\boxA=\box19
\boxB=\box20
\countA=\count32
\pagecount=\count33
\romancount=\count34
\arabiccount=\count35
\nopdfimagehelp=\toks22
 fonts,
\textleading=\dimen24
\sffam=\fam8
\fontdepth=\count36
 glyphs,
\errorbox=\box21
 page headings,
\titlepagetopglue=\skip20
\titlepagebottomglue=\skip21
\evenheadline=\toks23
\oddheadline=\toks24
\evenchapheadline=\toks25
\oddchapheadline=\toks26
\evenfootline=\toks27
\oddfootline=\toks28

tables,
\tableindent=\dimen25
\itemindent=\dimen26
\itemmargin=\dimen27
\itemmax=\dimen28
\itemno=\count37
\colcount=\count38
\everytab=\toks29
 conditionals,
\doignorecount=\count39
 indexing,
\dummybox=\box22
\whatsitskip=\skip22
\whatsitpenalty=\count40
\entryrightmargin=\dimen29
\thinshrinkable=\skip23
\partialpage=\box23
\doublecolumnhsize=\dimen30
\balancedcolumns=\box24
 sectioning,
\unnumberedno=\count41
\chapno=\count42
\secno=\count43
\subsecno=\count44
\subsubsecno=\count45
\appendixno=\count46
\absseclevel=\count47
\secbase=\count48
\chapheadingskip=\skip24
\secheadingskip=\skip25
\subsecheadingskip=\skip26
 toc,
\tocfile=\write0
\contentsrightmargin=\skip27
\savepageno=\count49
\lastnegativepageno=\count50
\tocindent=\dimen31
 environments,
\lispnarrowing=\skip28
\envskipamount=\skip29
\lskip=\skip30
\rskip=\skip31
\circthick=\dimen32
\cartouter=\dimen33
\cartinner=\dimen34
\normbskip=\skip32
\normpskip=\skip33
\normlskip=\skip34
\nonfillparindent=\dimen35
\tabw=\dimen36
\verbbox=\box25
 defuns,
\defbodyindent=\skip35
\defargsindent=\skip36
\deflastargmargin=\skip37
\defunpenalty=\count51
\parencount=\count52
\brackcount=\count53
 macros,
\paramno=\count54
\macname=\toks30

cross references,
\auxfile=\write1
\savesfregister=\count55
\toprefbox=\box26
\printedrefnamebox=\box27
\infofilenamebox=\box28
\printedmanualbox=\box29
 insertions,
\footnoteno=\count56
\SAVEfootins=\box30
\SAVEmargin=\box31
\noepsfhelp=\toks31
 localization,
\nolanghelp=\toks32
\countUTFx=\count57
\countUTFy=\count58
\countUTFz=\count59
 formatting,
\defaultparindent=\dimen37

and turning on texinfo input format.) [1] [2] [-1] (GNU Sample)
\openout0 = `smartcalc.toc'.

\openout1 = `smartcalc.aux'.


Variable `VERSION', used in @value, is not set.
Variable `UPDATED', used in @value, is not set. Chapter 1
@cpindfile=@write2
\openout2 = `smartcalc.cp'.


Writing index file smartcalc.cp
(Index) [1]
No file smartcalc.cps.
[2] ) 
Here is how much of TeX's memory you used:
 2983 strings out of 497094
 28393 string characters out of 6206922
 61388 words of memory out of 5000000
 4183 multiletter control sequences out of 15000+600000
 34203 words of font info for 119 fonts, out of 8000000 for 9000
 51 hyphenation exceptions out of 8191
 14i,6n,16p,300b,598s stack positions out of 5000i,500n,10000p,200000b,80000s

Output written on smartcalc.dvi (5 pages, 1400 bytes).
